2018-09-04 23:13:35,531 log.py [line:31] INFO: UI自动化相关测试开始执行
2018-09-04 23:13:39,704 log.py [line:31] INFO: 获取测试用例所需要的参数
2018-09-04 23:13:39,757 log.py [line:31] INFO: 采集cpu信息
2018-09-04 23:13:39,766 log.py [line:31] INFO: 获取使用的物理内存信息
2018-09-04 23:13:39,771 log.py [line:31] INFO: 记录当前的cpu占有率，内存
2018-09-04 23:13:39,826 log.py [line:31] INFO: 解析yaml文件
2018-09-04 23:14:16,856 log.py [line:31] INFO: reg测试用例开始执行
2018-09-04 23:14:25,936 log.py [line:31] INFO: 测试用例执行完毕，测试环境正在还原！
2018-09-04 23:15:19,587 log.py [line:31] INFO: reg测试用例开始执行
2018-09-04 23:15:29,771 log.py [line:31] INFO: 测试用例执行完毕，测试环境正在还原！
2018-09-04 23:16:48,577 log.py [line:31] INFO: UI自动化相关测试开始执行
2018-09-04 23:16:49,012 log.py [line:31] INFO: 获取测试用例所需要的参数
2018-09-04 23:16:49,017 log.py [line:31] INFO: 采集cpu信息
2018-09-04 23:16:49,018 log.py [line:31] INFO: 获取使用的物理内存信息
2018-09-04 23:16:49,021 log.py [line:31] INFO: 记录当前的cpu占有率，内存
2018-09-04 23:16:49,028 log.py [line:31] INFO: 解析yaml文件
2018-09-04 23:17:19,440 log.py [line:31] INFO: reg测试用例开始执行
2018-09-04 23:17:28,643 log.py [line:31] INFO: 测试用例执行完毕，测试环境正在还原！
2018-09-04 23:18:28,801 log.py [line:31] INFO: reg测试用例开始执行
2018-09-04 23:18:38,894 log.py [line:31] INFO: 测试用例执行完毕，测试环境正在还原！
2018-09-04 23:19:47,008 log.py [line:31] INFO: reg测试用例开始执行
2018-09-04 23:19:58,658 log.py [line:31] INFO: 测试用例执行完毕，测试环境正在还原！
2018-09-04 23:20:37,422 log.py [line:31] INFO: UI自动化相关测试开始执行
2018-09-04 23:20:38,068 log.py [line:31] INFO: 获取测试用例所需要的参数
2018-09-04 23:20:38,071 log.py [line:31] INFO: 采集cpu信息
2018-09-04 23:20:38,073 log.py [line:31] INFO: 获取使用的物理内存信息
2018-09-04 23:20:38,075 log.py [line:31] INFO: 记录当前的cpu占有率，内存
2018-09-04 23:20:38,085 log.py [line:31] INFO: 解析yaml文件
2018-09-04 23:21:21,874 log.py [line:31] INFO: reg测试用例开始执行
2018-09-04 23:22:13,976 log.py [line:31] INFO: 测试用例执行完毕，测试环境正在还原！
2018-09-04 23:22:44,457 log.py [line:31] INFO: UI自动化相关测试执行完毕！
2018-09-04 23:28:06,037 log.py [line:31] INFO: UI自动化相关测试开始执行
2018-09-04 23:28:13,184 log.py [line:31] INFO: 获取测试用例所需要的参数
2018-09-04 23:28:13,225 log.py [line:31] INFO: 采集cpu信息
2018-09-04 23:28:13,227 log.py [line:31] INFO: 获取使用的物理内存信息
2018-09-04 23:28:13,228 log.py [line:31] INFO: 记录当前的cpu占有率，内存
2018-09-04 23:28:13,331 log.py [line:31] INFO: 解析yaml文件
2018-09-04 23:28:51,102 log.py [line:31] INFO: reg测试用例开始执行
2018-09-04 23:29:02,078 log.py [line:31] INFO: 测试用例执行完毕，测试环境正在还原！
2018-09-04 23:29:20,471 log.py [line:31] INFO: UI自动化相关测试执行完毕！
2018-09-04 23:31:51,537 log.py [line:31] INFO: UI自动化相关测试开始执行
2018-09-04 23:31:52,184 log.py [line:31] INFO: 获取测试用例所需要的参数
2018-09-04 23:31:52,187 log.py [line:31] INFO: 采集cpu信息
2018-09-04 23:31:52,188 log.py [line:31] INFO: 获取使用的物理内存信息
2018-09-04 23:31:52,190 log.py [line:31] INFO: 记录当前的cpu占有率，内存
2018-09-04 23:31:52,194 log.py [line:31] INFO: 解析yaml文件
2018-09-04 23:32:24,514 log.py [line:31] INFO: reg测试用例开始执行
2018-09-04 23:32:38,927 log.py [line:31] INFO: 测试用例执行完毕，测试环境正在还原！
2018-09-04 23:32:57,527 log.py [line:31] INFO: UI自动化相关测试执行完毕！
2018-09-04 23:34:53,771 log.py [line:31] INFO: UI自动化相关测试开始执行
2018-09-04 23:34:54,213 log.py [line:31] INFO: 获取测试用例所需要的参数
2018-09-04 23:34:54,216 log.py [line:31] INFO: 采集cpu信息
2018-09-04 23:34:54,218 log.py [line:31] INFO: 获取使用的物理内存信息
2018-09-04 23:34:54,219 log.py [line:31] INFO: 记录当前的cpu占有率，内存
2018-09-04 23:34:54,224 log.py [line:31] INFO: 解析yaml文件
2018-09-04 23:35:25,543 log.py [line:31] INFO: reg测试用例开始执行
2018-09-04 23:35:26,884 log.py [line:31] INFO: 测试用例执行完毕，测试环境正在还原！
2018-09-04 23:35:47,280 log.py [line:31] INFO: UI自动化相关测试执行完毕！
2018-09-04 23:35:59,707 log.py [line:31] INFO: UI自动化相关测试开始执行
2018-09-04 23:36:00,401 log.py [line:31] INFO: 获取测试用例所需要的参数
2018-09-04 23:36:00,403 log.py [line:31] INFO: 采集cpu信息
2018-09-04 23:36:00,405 log.py [line:31] INFO: 获取使用的物理内存信息
2018-09-04 23:36:00,406 log.py [line:31] INFO: 记录当前的cpu占有率，内存
2018-09-04 23:36:00,411 log.py [line:31] INFO: 解析yaml文件
2018-09-04 23:36:39,822 log.py [line:31] INFO: reg测试用例开始执行
2018-09-04 23:36:48,715 log.py [line:31] INFO: 测试用例执行完毕，测试环境正在还原！
2018-09-04 23:37:08,948 log.py [line:31] INFO: UI自动化相关测试执行完毕！
2018-09-04 23:37:48,419 log.py [line:31] INFO: UI自动化相关测试开始执行
2018-09-04 23:37:49,058 log.py [line:31] INFO: 获取测试用例所需要的参数
2018-09-04 23:37:49,061 log.py [line:31] INFO: 采集cpu信息
2018-09-04 23:37:49,064 log.py [line:31] INFO: 获取使用的物理内存信息
2018-09-04 23:37:49,067 log.py [line:31] INFO: 记录当前的cpu占有率，内存
2018-09-04 23:37:49,074 log.py [line:31] INFO: 解析yaml文件
2018-09-04 23:38:31,527 log.py [line:31] INFO: reg测试用例开始执行
2018-09-04 23:38:43,398 log.py [line:31] INFO: 测试用例执行完毕，测试环境正在还原！
2018-09-04 23:39:02,879 log.py [line:31] INFO: UI自动化相关测试执行完毕！
2018-09-04 23:41:33,101 log.py [line:31] INFO: UI自动化相关测试开始执行
2018-09-04 23:41:33,694 log.py [line:31] INFO: 获取测试用例所需要的参数
2018-09-04 23:41:33,697 log.py [line:31] INFO: 采集cpu信息
2018-09-04 23:41:33,698 log.py [line:31] INFO: 获取使用的物理内存信息
2018-09-04 23:41:33,699 log.py [line:31] INFO: 记录当前的cpu占有率，内存
2018-09-04 23:41:33,704 log.py [line:31] INFO: 解析yaml文件
2018-09-04 23:42:13,034 log.py [line:31] INFO: reg测试用例开始执行
2018-09-04 23:42:21,779 log.py [line:31] INFO: 测试用例执行完毕，测试环境正在还原！
2018-09-04 23:42:43,481 log.py [line:31] INFO: UI自动化相关测试执行完毕！
2018-09-04 23:43:21,156 log.py [line:31] INFO: UI自动化相关测试开始执行
2018-09-04 23:43:21,724 log.py [line:31] INFO: 获取测试用例所需要的参数
2018-09-04 23:43:21,727 log.py [line:31] INFO: 采集cpu信息
2018-09-04 23:43:21,729 log.py [line:31] INFO: 获取使用的物理内存信息
2018-09-04 23:43:21,733 log.py [line:31] INFO: 记录当前的cpu占有率，内存
2018-09-04 23:43:21,739 log.py [line:31] INFO: 解析yaml文件
2018-09-04 23:44:01,897 log.py [line:31] INFO: reg测试用例开始执行
2018-09-04 23:44:11,371 log.py [line:31] INFO: 测试用例执行完毕，测试环境正在还原！
2018-09-04 23:44:33,926 log.py [line:31] INFO: UI自动化相关测试执行完毕！
2018-09-04 23:44:41,484 log.py [line:31] INFO: UI自动化相关测试开始执行
2018-09-04 23:44:42,152 log.py [line:31] INFO: 获取测试用例所需要的参数
2018-09-04 23:44:42,163 log.py [line:31] INFO: 采集cpu信息
2018-09-04 23:44:42,167 log.py [line:31] INFO: 获取使用的物理内存信息
2018-09-04 23:44:42,171 log.py [line:31] INFO: 记录当前的cpu占有率，内存
2018-09-04 23:44:42,190 log.py [line:31] INFO: 解析yaml文件
2018-09-04 23:45:24,712 log.py [line:31] INFO: reg测试用例开始执行
2018-09-04 23:45:33,750 log.py [line:31] INFO: 测试用例执行完毕，测试环境正在还原！
2018-09-04 23:45:55,677 log.py [line:31] INFO: UI自动化相关测试执行完毕！
